TN:
SF:app.js
FN:30,(anonymous_0)
FN:35,(anonymous_1)
FNF:2
FNH:2
FNDA:2,(anonymous_0)
FNDA:33,(anonymous_1)
DA:5,4
DA:6,4
DA:8,4
DA:10,4
DA:11,4
DA:12,4
DA:13,4
DA:15,4
DA:17,4
DA:19,4
DA:20,4
DA:21,4
DA:22,4
DA:24,4
DA:25,4
DA:26,4
DA:30,4
DA:31,2
DA:35,4
DA:36,33
DA:37,33
DA:38,33
DA:40,33
DA:45,4
LF:24
LH:24
BRDA:36,0,0,1
BRDA:36,0,1,32
BRDA:37,1,0,33
BRDA:37,1,1,2
BRF:4
BRH:4
end_of_record
TN:
SF:config.js
FN:13,getDatabaseUri
FNF:1
FNH:1
FNDA:18,getDatabaseUri
DA:5,9
DA:6,9
DA:8,9
DA:10,9
DA:14,18
DA:22,9
DA:24,9
DA:25,9
DA:26,9
DA:27,9
DA:28,9
DA:29,9
DA:31,9
LF:13
LH:13
BRDA:8,0,0,9
BRDA:8,0,1,8
BRDA:10,1,0,9
BRDA:10,1,1,8
BRDA:14,2,0,15
BRDA:14,2,1,3
BRDA:16,3,0,3
BRDA:16,3,1,1
BRDA:22,4,0,8
BRDA:22,4,1,1
BRF:10
BRH:10
end_of_record
TN:
SF:db.js
FNF:0
FNH:0
DA:5,6
DA:6,6
DA:8,6
DA:12,6
DA:14,6
LF:5
LH:5
BRF:0
BRH:0
end_of_record
TN:
SF:expressError.js
FN:8,(anonymous_0)
FN:18,(anonymous_1)
FN:26,(anonymous_2)
FN:34,(anonymous_3)
FN:42,(anonymous_4)
FNF:5
FNH:4
FNDA:45,(anonymous_0)
FNDA:15,(anonymous_1)
FNDA:12,(anonymous_2)
FNDA:18,(anonymous_3)
FNDA:0,(anonymous_4)
DA:9,45
DA:10,45
DA:11,45
DA:19,15
DA:27,12
DA:35,18
DA:43,0
DA:47,8
LF:8
LH:7
BRDA:18,0,0,2
BRDA:26,1,0,8
BRDA:34,2,0,0
BRDA:42,3,0,0
BRF:4
BRH:2
end_of_record
TN:
SF:helpers/sql.js
FN:29,sqlForPartialUpdate
FN:34,(anonymous_1)
FN:57,sqlForCompanyFilterSearch
FNF:3
FNH:3
FNDA:15,sqlForPartialUpdate
FNDA:26,(anonymous_1)
FNDA:5,sqlForCompanyFilterSearch
DA:1,7
DA:30,15
DA:31,15
DA:34,12
DA:35,26
DA:38,12
DA:59,5
DA:60,5
DA:63,5
DA:64,4
DA:65,4
DA:67,5
DA:68,2
DA:70,5
DA:71,1
DA:74,5
DA:78,7
LF:17
LH:17
BRDA:31,0,0,3
BRDA:31,0,1,12
BRDA:35,1,0,26
BRDA:35,1,1,12
BRDA:63,2,0,4
BRDA:63,2,1,1
BRDA:67,3,0,2
BRDA:67,3,1,3
BRDA:70,4,0,1
BRDA:70,4,1,4
BRF:10
BRH:10
end_of_record
TN:
SF:helpers/tokens.js
FN:6,createToken
FNF:1
FNH:1
FNDA:10,createToken
DA:1,5
DA:2,5
DA:7,10
DA:10,10
DA:15,10
DA:18,5
LF:6
LH:6
BRDA:12,0,0,10
BRDA:12,0,1,8
BRF:2
BRH:2
end_of_record
TN:
SF:middleware/auth.js
FN:18,authenticateJWT
FN:36,ensureLoggedIn
FNF:2
FNH:2
FNDA:52,authenticateJWT
FNDA:32,ensureLoggedIn
DA:5,5
DA:6,5
DA:7,5
DA:19,52
DA:20,52
DA:21,52
DA:22,26
DA:23,26
DA:25,51
DA:27,1
DA:37,32
DA:38,32
DA:39,24
DA:41,8
DA:46,5
LF:15
LH:15
BRDA:20,0,0,52
BRDA:20,0,1,51
BRDA:21,1,0,26
BRDA:21,1,1,26
BRDA:38,2,0,8
BRDA:38,2,1,24
BRF:6
BRH:6
end_of_record
TN:
SF:models/_testCommon.js
FN:6,commonBeforeAll
FN:33,commonBeforeEach
FN:37,commonAfterEach
FN:41,commonAfterAll
FNF:4
FNH:4
FNDA:2,commonBeforeAll
FNDA:29,commonBeforeEach
FNDA:29,commonAfterEach
FNDA:2,commonAfterAll
DA:1,2
DA:3,2
DA:4,2
DA:8,2
DA:10,2
DA:12,2
DA:18,2
DA:34,29
DA:38,29
DA:42,2
DA:46,2
LF:11
LH:11
BRF:0
BRH:0
end_of_record
TN:
SF:models/company.js
FN:19,(anonymous_0)
FN:58,(anonymous_1)
FN:98,(anonymous_2)
FN:128,(anonymous_3)
FN:155,(anonymous_4)
FNF:5
FNH:5
FNDA:13,(anonymous_0)
FNDA:8,(anonymous_1)
FNDA:5,(anonymous_2)
FNDA:6,(anonymous_3)
FNDA:4,(anonymous_4)
DA:3,5
DA:4,5
DA:5,5
DA:20,13
DA:26,13
DA:27,1
DA:29,12
DA:47,12
DA:49,12
DA:59,8
DA:61,3
DA:69,2
DA:72,5
DA:74,5
DA:75,5
DA:83,5
DA:84,1
DA:85,1
DA:87,4
DA:88,4
DA:99,5
DA:109,5
DA:111,5
DA:113,3
DA:129,6
DA:135,5
DA:137,5
DA:142,5
DA:143,5
DA:145,5
DA:147,3
DA:156,4
DA:162,4
DA:164,4
DA:169,5
LF:35
LH:35
BRDA:26,0,0,1
BRDA:26,0,1,12
BRDA:59,1,0,3
BRDA:59,1,1,5
BRDA:83,2,0,1
BRDA:83,2,1,4
BRDA:111,3,0,2
BRDA:111,3,1,3
BRDA:145,4,0,2
BRDA:145,4,1,3
BRDA:164,5,0,2
BRDA:164,5,1,2
BRF:12
BRH:12
end_of_record
TN:
SF:models/user.js
FN:24,(anonymous_0)
FN:59,(anonymous_1)
FN:104,(anonymous_2)
FN:126,(anonymous_3)
FN:162,(anonymous_4)
FN:196,(anonymous_5)
FNF:6
FNH:6
FNDA:7,(anonymous_0)
FNDA:16,(anonymous_1)
FNDA:3,(anonymous_2)
FNDA:4,(anonymous_3)
FNDA:7,(anonymous_4)
FNDA:4,(anonymous_5)
DA:3,5
DA:4,5
DA:5,5
DA:10,5
DA:12,5
DA:26,7
DA:38,7
DA:40,7
DA:42,4
DA:43,4
DA:44,3
DA:45,3
DA:49,4
DA:61,16
DA:68,16
DA:69,1
DA:72,15
DA:74,15
DA:94,15
DA:96,15
DA:105,3
DA:115,2
DA:127,4
DA:138,4
DA:140,4
DA:142,2
DA:163,7
DA:164,2
DA:167,7
DA:174,6
DA:176,6
DA:185,6
DA:186,6
DA:188,6
DA:190,4
DA:191,4
DA:197,4
DA:204,4
DA:206,4
DA:211,5
LF:40
LH:40
BRDA:40,0,0,4
BRDA:40,0,1,3
BRDA:43,1,0,3
BRDA:43,1,1,1
BRDA:68,2,0,1
BRDA:68,2,1,15
BRDA:140,3,0,2
BRDA:140,3,1,2
BRDA:163,4,0,2
BRDA:163,4,1,5
BRDA:188,5,0,2
BRDA:188,5,1,4
BRDA:206,6,0,2
BRDA:206,6,1,2
BRF:14
BRH:14
end_of_record
TN:
SF:routes/_testCommon.js
FN:8,commonBeforeAll
FN:65,commonBeforeEach
FN:69,commonAfterEach
FN:73,commonAfterAll
FNF:4
FNH:4
FNDA:3,commonBeforeAll
FNDA:47,commonBeforeEach
FNDA:47,commonAfterEach
FNDA:3,commonAfterAll
DA:3,3
DA:4,3
DA:5,3
DA:6,3
DA:10,3
DA:12,3
DA:14,3
DA:22,3
DA:30,3
DA:39,3
DA:47,3
DA:55,3
DA:66,47
DA:70,47
DA:74,3
DA:78,3
DA:81,3
LF:17
LH:17
BRF:0
BRH:0
end_of_record
TN:
SF:routes/auth.js
FN:22,(anonymous_0)
FN:25,(anonymous_1)
FN:45,(anonymous_2)
FN:48,(anonymous_3)
FNF:4
FNH:4
FNDA:5,(anonymous_0)
FNDA:2,(anonymous_1)
FNDA:3,(anonymous_2)
FNDA:5,(anonymous_3)
DA:5,4
DA:7,4
DA:8,4
DA:9,4
DA:10,4
DA:11,4
DA:12,4
DA:13,4
DA:22,4
DA:23,5
DA:24,5
DA:25,2
DA:26,2
DA:29,3
DA:30,3
DA:31,1
DA:32,1
DA:45,4
DA:46,3
DA:47,3
DA:48,5
DA:49,2
DA:52,1
DA:53,1
DA:54,1
DA:58,4
LF:26
LH:26
BRDA:24,0,0,2
BRDA:24,0,1,3
BRDA:47,1,0,2
BRDA:47,1,1,1
BRF:4
BRH:4
end_of_record
TN:
SF:routes/companies.js
FN:29,(anonymous_0)
FN:32,(anonymous_1)
FN:51,(anonymous_2)
FN:62,(anonymous_3)
FN:89,(anonymous_4)
FN:105,(anonymous_5)
FN:108,(anonymous_6)
FN:121,(anonymous_7)
FNF:8
FNH:8
FNDA:3,(anonymous_0)
FNDA:3,(anonymous_1)
FNDA:6,(anonymous_2)
FNDA:1,(anonymous_3)
FNDA:3,(anonymous_4)
FNDA:4,(anonymous_5)
FNDA:2,(anonymous_6)
FNDA:2,(anonymous_7)
DA:5,4
DA:6,4
DA:8,4
DA:9,4
DA:10,4
DA:12,4
DA:13,4
DA:14,4
DA:17,4
DA:29,4
DA:30,3
DA:31,3
DA:32,3
DA:33,2
DA:36,1
DA:37,1
DA:51,4
DA:53,6
DA:55,6
DA:56,2
DA:57,1
DA:60,4
DA:61,4
DA:62,1
DA:63,1
DA:66,3
DA:67,1
DA:68,1
DA:72,2
DA:74,2
DA:75,1
DA:78,1
DA:89,4
DA:90,3
DA:91,2
DA:105,4
DA:106,4
DA:107,4
DA:108,2
DA:109,2
DA:112,2
DA:113,1
DA:121,4
DA:122,2
DA:123,1
DA:127,4
LF:46
LH:46
BRDA:31,0,0,2
BRDA:31,0,1,1
BRDA:55,1,0,2
BRDA:55,1,1,4
BRDA:61,2,0,1
BRDA:61,2,1,3
BRDA:66,3,0,1
BRDA:66,3,1,2
BRDA:66,4,0,3
BRDA:66,4,1,2
BRDA:67,5,0,1
BRDA:67,5,1,0
BRDA:74,6,0,1
BRDA:74,6,1,1
BRDA:107,7,0,2
BRDA:107,7,1,2
BRF:16
BRH:15
end_of_record
TN:
SF:routes/users.js
FN:30,(anonymous_0)
FN:33,(anonymous_1)
FN:50,(anonymous_2)
FN:63,(anonymous_3)
FN:79,(anonymous_4)
FN:82,(anonymous_5)
FN:96,(anonymous_6)
FNF:7
FNH:7
FNDA:4,(anonymous_0)
FNDA:5,(anonymous_1)
FNDA:2,(anonymous_2)
FNDA:2,(anonymous_3)
FNDA:4,(anonymous_4)
FNDA:1,(anonymous_5)
FNDA:2,(anonymous_6)
DA:5,4
DA:7,4
DA:8,4
DA:9,4
DA:10,4
DA:11,4
DA:12,4
DA:13,4
DA:15,4
DA:30,4
DA:31,4
DA:32,4
DA:33,5
DA:34,2
DA:37,2
DA:38,2
DA:39,2
DA:50,4
DA:51,2
DA:52,1
DA:63,4
DA:64,2
DA:65,1
DA:79,4
DA:80,4
DA:81,4
DA:82,1
DA:83,1
DA:86,3
DA:87,2
DA:96,4
DA:97,2
DA:98,1
DA:102,4
LF:34
LH:34
BRDA:32,0,0,2
BRDA:32,0,1,2
BRDA:81,1,0,1
BRDA:81,1,1,3
BRF:4
BRH:4
end_of_record
